<?xml version="1.0" encoding="UTF-8"?>
<!-- Generated by org.testng.reporters.JUnitReportReporter -->
<testsuite hostname="Anayra" failures="0" tests="5" name="com.qa.tests.TasksPageTest" time="61.238" errors="0" timestamp="2024-03-08T15:08:14 EST" skipped="0">
  <testcase classname="com.qa.tests.TasksPageTest" name="verifyTaskssLabelTest" time="9.411"/>
  <testcase classname="com.qa.tests.TasksPageTest" name="verifyBoardsLinkTest" time="9.293"/>
  <testcase classname="com.qa.tests.TasksPageTest" name="validateCreateNewTasks" time="13.872"/>
  <testcase classname="com.qa.tests.TasksPageTest" name="validateCreateNewTasks" time="14.682"/>
  <testcase classname="com.qa.tests.TasksPageTest" name="validateCreateNewTasks" time="13.980"/>
</testsuite> <!-- com.qa.tests.TasksPageTest -->
