<?xml version="1.0" encoding="UTF-8"?>
<!-- Generated by org.testng.reporters.JUnitReportReporter -->
<testsuite hostname="Anayra" failures="0" tests="3" name="com.qa.tests.DealsPageTest" time="26.974" errors="0" timestamp="2024-03-06T09:44:38 EST" skipped="0">
  <testcase classname="com.qa.tests.DealsPageTest" name="verifyDealsLabelTest" time="8.798"/>
  <testcase classname="com.qa.tests.DealsPageTest" name="verifyPipelineLabelTest" time="9.386"/>
  <testcase classname="com.qa.tests.DealsPageTest" name="verifyBoardsLinkTest" time="8.790"/>
</testsuite> <!-- com.qa.tests.DealsPageTest -->
