<?xml version="1.0" encoding="UTF-8"?>
<!-- Generated by org.testng.reporters.JUnitReportReporter -->
<testsuite hostname="Anayra" failures="0" tests="5" name="com.qa.tests.ContactsPageTest" time="100.855" errors="0" timestamp="2024-03-07T15:15:53 EST" skipped="0">
  <testcase classname="com.qa.tests.ContactsPageTest" name="verifyContactsLabelTest" time="10.389"/>
  <testcase classname="com.qa.tests.ContactsPageTest" name="verifyCreateContactsbuttonTest" time="10.044"/>
  <testcase classname="com.qa.tests.ContactsPageTest" name="validateCreateNewContactTest" time="27.241"/>
  <testcase classname="com.qa.tests.ContactsPageTest" name="validateCreateNewContactTest" time="25.938"/>
  <testcase classname="com.qa.tests.ContactsPageTest" name="validateCreateNewContactTest" time="27.243"/>
</testsuite> <!-- com.qa.tests.ContactsPageTest -->
