<?xml version="1.0" encoding="UTF-8"?>
<!-- Generated by org.testng.reporters.JUnitReportReporter -->
<testsuite hostname="Anayra" failures="0" tests="3" name="com.qa.tests.LoginPageTest" time="17.587" errors="0" timestamp="2024-03-04T14:39:30 EST" skipped="0">
  <testcase classname="com.qa.tests.LoginPageTest" name="LoginpageTitleTest" time="3.606"/>
  <testcase classname="com.qa.tests.LoginPageTest" name="FreeCRMLogoImageTest" time="5.121"/>
  <testcase classname="com.qa.tests.LoginPageTest" name="loginTest" time="8.860"/>
</testsuite> <!-- com.qa.tests.LoginPageTest -->
