<?xml version="1.0" encoding="UTF-8"?>
<!-- Generated by org.testng.reporters.JUnitReportReporter -->
<testsuite hostname="Anayra" failures="0" tests="5" name="com.qa.tests.HomePageTest" time="49.641" errors="0" timestamp="2024-03-04T14:39:30 EST" skipped="0">
  <testcase classname="com.qa.tests.HomePageTest" name="VerifyHomePageTitleTest" time="9.194"/>
  <testcase classname="com.qa.tests.HomePageTest" name="FreeCRMLogoTest" time="10.045"/>
  <testcase classname="com.qa.tests.HomePageTest" name="VerifyCorrectUserNameTest" time="10.265"/>
  <testcase classname="com.qa.tests.HomePageTest" name="DisplayAllSideBarLinks" time="10.712"/>
  <testcase classname="com.qa.tests.HomePageTest" name="VerifyContactsLinkTest" time="9.425"/>
</testsuite> <!-- com.qa.tests.HomePageTest -->
