<?xml version="1.0" encoding="UTF-8"?>
<!-- Generated by org.testng.reporters.JUnitReportReporter -->
<testsuite hostname="Anayra" failures="0" tests="2" name="com.qa.tests.TasksPageTest" time="18.368" errors="0" timestamp="2024-03-06T09:50:51 EST" skipped="0">
  <testcase classname="com.qa.tests.TasksPageTest" name="verifyTaskssLabelTest" time="8.776"/>
  <testcase classname="com.qa.tests.TasksPageTest" name="verifyBoardsLinkTest" time="9.592"/>
</testsuite> <!-- com.qa.tests.TasksPageTest -->
