<?xml version="1.0" encoding="UTF-8"?>
<!-- Generated by org.testng.reporters.JUnitReportReporter -->
<testsuite hostname="Anayra" failures="0" tests="6" name="com.qa.tests.DealsPageTest" time="80.490" errors="0" timestamp="2024-03-08T15:00:16 EST" skipped="0">
  <testcase classname="com.qa.tests.DealsPageTest" name="verifyDealsLabelTest" time="12.717"/>
  <testcase classname="com.qa.tests.DealsPageTest" name="verifyPipelineLabelTest" time="9.676"/>
  <testcase classname="com.qa.tests.DealsPageTest" name="verifyBoardsLinkTest" time="9.241"/>
  <testcase classname="com.qa.tests.DealsPageTest" name="validateCreateNewDealsTest" time="16.379"/>
  <testcase classname="com.qa.tests.DealsPageTest" name="validateCreateNewDealsTest" time="16.394"/>
  <testcase classname="com.qa.tests.DealsPageTest" name="validateCreateNewDealsTest" time="16.083"/>
</testsuite> <!-- com.qa.tests.DealsPageTest -->
