<?xml version="1.0" encoding="UTF-8"?>
<!-- Generated by org.testng.reporters.JUnitReportReporter -->
<testsuite hostname="Anayra" failures="0" tests="5" name="com.qa.tests.HomePageTest" time="50.349" errors="0" timestamp="2024-03-05T08:09:43 EST" skipped="0">
  <testcase classname="com.qa.tests.HomePageTest" name="VerifyHomePageTitleTest" time="8.803"/>
  <testcase classname="com.qa.tests.HomePageTest" name="FreeCRMLogoTest" time="13.010"/>
  <testcase classname="com.qa.tests.HomePageTest" name="VerifyCorrectUserNameTest" time="9.462"/>
  <testcase classname="com.qa.tests.HomePageTest" name="DisplayAllSideBarLinks" time="9.668"/>
  <testcase classname="com.qa.tests.HomePageTest" name="VerifyContactsLinkTest" time="9.406"/>
</testsuite> <!-- com.qa.tests.HomePageTest -->
