<?xml version="1.0" encoding="UTF-8"?>
<!-- Generated by org.testng.reporters.JUnitReportReporter -->
<testsuite hostname="Anayra" failures="0" tests="3" name="com.qa.tests.LoginPageTest" time="15.790" errors="0" timestamp="2024-03-05T08:09:43 EST" skipped="0">
  <testcase classname="com.qa.tests.LoginPageTest" name="LoginpageTitleTest" time="3.618"/>
  <testcase classname="com.qa.tests.LoginPageTest" name="FreeCRMLogoImageTest" time="3.704"/>
  <testcase classname="com.qa.tests.LoginPageTest" name="loginTest" time="8.468"/>
</testsuite> <!-- com.qa.tests.LoginPageTest -->
